Loading LLaVA: llava-hf/llava-1.5-7b-hf
  cache_dir: [PROJECT_ROOT]/models/hub
  device: cuda, dtype: torch.float16, 4bit: False
Loading checkpoint shards:   0%|          | 0/3 [00:00<?, ?it/s]Loading checkpoint shards:  33%|███▎      | 1/3 [00:13<00:27, 13.79s/it]Loading checkpoint shards:  67%|██████▋   | 2/3 [00:27<00:13, 13.65s/it]Loading checkpoint shards: 100%|██████████| 3/3 [00:38<00:00, 12.49s/it]Loading checkpoint shards: 100%|██████████| 3/3 [00:38<00:00, 12.82s/it]
Expanding inputs for image tokens in LLaVa should be done in processing. Please add `patch_size` and `vision_feature_select_strategy` to the model's processing config or set directly with `processor.patch_size = {{patch_size}}` and processor.vision_feature_select_strategy = {{vision_feature_select_strategy}}`. Using processors without these attributes in the config is deprecated and will throw an error in v4.50.
LLaVA loaded.

============================================================
Experiment A: text-only vs text+blank_image
Verifying refusal direction modal stability in LLaVA
Model: llava-hf/llava-1.5-7b-hf
Layers: [12, 16, 20]
Paired prompts: 12 pairs
============================================================

  Layer 12:
    Extracting text-only refusal direction ...
      pair 1/12: extracting...Traceback (most recent call last):
  File "[PROJECT_ROOT]/geometry-of-refusal/exp_a_modality_stability.py", line 289, in <module>
    run_exp_a(args)
  File "[PROJECT_ROOT]/geometry-of-refusal/exp_a_modality_stability.py", line 218, in run_exp_a
    v_text, norm_text = extract_mean_diff_direction(
  File "[PROJECT_ROOT]/geometry-of-refusal/exp_a_modality_stability.py", line 175, in extract_mean_diff_direction
    h_harm = get_llava_hidden_state(model, processor, harmful_p, image, layer, device, dtype)
  File "[PROJECT_ROOT]/geometry-of-refusal/exp_a_modality_stability.py", line 150, in get_llava_hidden_state
    outputs = model(
  File "/opt/conda/envs/rdo/lib/python3.10/site-packages/torch/nn/modules/module.py", line 1736, in _wrapped_call_impl
    return self._call_impl(*args, **kwargs)
  File "/opt/conda/envs/rdo/lib/python3.10/site-packages/torch/nn/modules/module.py", line 1747, in _call_impl
    return forward_call(*args, **kwargs)
  File "/opt/conda/envs/rdo/lib/python3.10/site-packages/transformers/models/llava/modeling_llava.py", line 492, in forward
'(MaxRetryError("HTTPSConnectionPool(host='huggingface.co', port=443): Max retries exceeded with url: /llava-hf/llava-1.5-7b-hf/resolve/main/processor_config.json (Caused by ConnectTimeoutError(<HTTPSConnection(host='huggingface.co', port=443) at 0x7f2e6cfe87f0>, 'Connection to huggingface.co timed out. (connect timeout=10)'))"), '(Request ID: a258c0b3-c377-4801-a104-f6c0bd4cb20e)')' thrown while requesting HEAD https://huggingface.co/llava-hf/llava-1.5-7b-hf/resolve/main/processor_config.json
'(MaxRetryError("HTTPSConnectionPool(host='huggingface.co', port=443): Max retries exceeded with url: /llava-hf/llava-1.5-7b-hf/resolve/main/processor_config.json (Caused by ConnectTimeoutError(<HTTPSConnection(host='huggingface.co', port=443) at 0x7f2e6cfe9150>, 'Connection to huggingface.co timed out. (connect timeout=10)'))"), '(Request ID: 1d0f4dcc-499c-4dc9-9f4e-6780afcdf0ee)')' thrown while requesting HEAD https://huggingface.co/llava-hf/llava-1.5-7b-hf/resolve/main/processor_config.json
Retrying in 1s [Retry 1/5].
'(MaxRetryError("HTTPSConnectionPool(host='huggingface.co', port=443): Max retries exceeded with url: /llava-hf/llava-1.5-7b-hf/resolve/main/processor_config.json (Caused by ConnectTimeoutError(<HTTPSConnection(host='huggingface.co', port=443) at 0x7f2e6cfe9450>, 'Connection to huggingface.co timed out. (connect timeout=10)'))"), '(Request ID: 419d818e-9920-4627-a1da-a80032d5c8bc)')' thrown while requesting HEAD https://huggingface.co/llava-hf/llava-1.5-7b-hf/resolve/main/processor_config.json
Retrying in 2s [Retry 2/5].
'(MaxRetryError("HTTPSConnectionPool(host='huggingface.co', port=443): Max retries exceeded with url: /llava-hf/llava-1.5-7b-hf/resolve/main/processor_config.json (Caused by ConnectTimeoutError(<HTTPSConnection(host='huggingface.co', port=443) at 0x7f2e6cfe9750>, 'Connection to huggingface.co timed out. (connect timeout=10)'))"), '(Request ID: e0ea7ac9-1680-4c2c-91e0-dbed237d1407)')' thrown while requesting HEAD https://huggingface.co/llava-hf/llava-1.5-7b-hf/resolve/main/processor_config.json
Retrying in 4s [Retry 3/5].
'(MaxRetryError("HTTPSConnectionPool(host='huggingface.co', port=443): Max retries exceeded with url: /llava-hf/llava-1.5-7b-hf/resolve/main/processor_config.json (Caused by ConnectTimeoutError(<HTTPSConnection(host='huggingface.co', port=443) at 0x7f2e6cf9f6d0>, 'Connection to huggingface.co timed out. (connect timeout=10)'))"), '(Request ID: f7ef4014-9b1d-4078-8eb5-220f3d14ba92)')' thrown while requesting HEAD https://huggingface.co/llava-hf/llava-1.5-7b-hf/resolve/main/processor_config.json
Retrying in 8s [Retry 4/5].
'(MaxRetryError("HTTPSConnectionPool(host='huggingface.co', port=443): Max retries exceeded with url: /llava-hf/llava-1.5-7b-hf/resolve/main/processor_config.json (Caused by ConnectTimeoutError(<HTTPSConnection(host='huggingface.co', port=443) at 0x7f2e6cf9f670>, 'Connection to huggingface.co timed out. (connect timeout=10)'))"), '(Request ID: f0e271fd-080f-4575-9b24-040f67e38af5)')' thrown while requesting HEAD https://huggingface.co/llava-hf/llava-1.5-7b-hf/resolve/main/processor_config.json
Retrying in 8s [Retry 5/5].
'(MaxRetryError("HTTPSConnectionPool(host='huggingface.co', port=443): Max retries exceeded with url: /llava-hf/llava-1.5-7b-hf/resolve/main/processor_config.json (Caused by ConnectTimeoutError(<HTTPSConnection(host='huggingface.co', port=443) at 0x7f2e6cf9eb60>, 'Connection to huggingface.co timed out. (connect timeout=10)'))"), '(Request ID: 474f1f9e-4daf-46ff-a7a4-3e2f05bbc776)')' thrown while requesting HEAD https://huggingface.co/llava-hf/llava-1.5-7b-hf/resolve/main/processor_config.json
'(MaxRetryError("HTTPSConnectionPool(host='huggingface.co', port=443): Max retries exceeded with url: /llava-hf/llava-1.5-7b-hf/resolve/main/chat_template.json (Caused by ConnectTimeoutError(<HTTPSConnection(host='huggingface.co', port=443) at 0x7f2e6cfe9420>, 'Connection to huggingface.co timed out. (connect timeout=10)'))"), '(Request ID: e4f61153-2e04-4cc3-aef6-c995598ac716)')' thrown while requesting HEAD https://huggingface.co/llava-hf/llava-1.5-7b-hf/resolve/main/chat_template.json
Retrying in 1s [Retry 1/5].
'(MaxRetryError("HTTPSConnectionPool(host='huggingface.co', port=443): Max retries exceeded with url: /llava-hf/llava-1.5-7b-hf/resolve/main/chat_template.json (Caused by ConnectTimeoutError(<HTTPSConnection(host='huggingface.co', port=443) at 0x7f2e6cfe8f40>, 'Connection to huggingface.co timed out. (connect timeout=10)'))"), '(Request ID: 90b036cb-3eb2-482a-8de0-b609437249ce)')' thrown while requesting HEAD https://huggingface.co/llava-hf/llava-1.5-7b-hf/resolve/main/chat_template.json
Retrying in 2s [Retry 2/5].
'(MaxRetryError("HTTPSConnectionPool(host='huggingface.co', port=443): Max retries exceeded with url: /llava-hf/llava-1.5-7b-hf/resolve/main/chat_template.json (Caused by ConnectTimeoutError(<HTTPSConnection(host='huggingface.co', port=443) at 0x7f2e6cfe88b0>, 'Connection to huggingface.co timed out. (connect timeout=10)'))"), '(Request ID: a6dd8801-723f-4432-b051-048f50d69a1a)')' thrown while requesting HEAD https://huggingface.co/llava-hf/llava-1.5-7b-hf/resolve/main/chat_template.json
Retrying in 4s [Retry 3/5].
'(MaxRetryError("HTTPSConnectionPool(host='huggingface.co', port=443): Max retries exceeded with url: /llava-hf/llava-1.5-7b-hf/resolve/main/chat_template.json (Caused by ConnectTimeoutError(<HTTPSConnection(host='huggingface.co', port=443) at 0x7f2e6cfe85b0>, 'Connection to huggingface.co timed out. (connect timeout=10)'))"), '(Request ID: 305869a4-327f-4822-84c1-c1b85b15cb1d)')' thrown while requesting HEAD https://huggingface.co/llava-hf/llava-1.5-7b-hf/resolve/main/chat_template.json
Retrying in 8s [Retry 4/5].
'(MaxRetryError("HTTPSConnectionPool(host='huggingface.co', port=443): Max retries exceeded with url: /llava-hf/llava-1.5-7b-hf/resolve/main/chat_template.json (Caused by ConnectTimeoutError(<HTTPSConnection(host='huggingface.co', port=443) at 0x7f2e6cfe8160>, 'Connection to huggingface.co timed out. (connect timeout=10)'))"), '(Request ID: 389a13c2-b164-4c01-bd0e-37ad225de46f)')' thrown while requesting HEAD https://huggingface.co/llava-hf/llava-1.5-7b-hf/resolve/main/chat_template.json
Retrying in 8s [Retry 5/5].
'(MaxRetryError("HTTPSConnectionPool(host='huggingface.co', port=443): Max retries exceeded with url: /llava-hf/llava-1.5-7b-hf/resolve/main/chat_template.json (Caused by ConnectTimeoutError(<HTTPSConnection(host='huggingface.co', port=443) at 0x7f2e6cfe9a50>, 'Connection to huggingface.co timed out. (connect timeout=10)'))"), '(Request ID: da3a9a95-7a6f-4a9d-80a9-0c5ff761b67a)')' thrown while requesting HEAD https://huggingface.co/llava-hf/llava-1.5-7b-hf/resolve/main/chat_template.json
'(MaxRetryError("HTTPSConnectionPool(host='huggingface.co', port=443): Max retries exceeded with url: /llava-hf/llava-1.5-7b-hf/resolve/main/chat_template.jinja (Caused by ConnectTimeoutError(<HTTPSConnection(host='huggingface.co', port=443) at 0x7f2e6cf9e830>, 'Connection to huggingface.co timed out. (connect timeout=10)'))"), '(Request ID: b06a4966-642f-48bd-bdab-3b053b5b7f39)')' thrown while requesting HEAD https://huggingface.co/llava-hf/llava-1.5-7b-hf/resolve/main/chat_template.jinja
Retrying in 1s [Retry 1/5].
'(MaxRetryError("HTTPSConnectionPool(host='huggingface.co', port=443): Max retries exceeded with url: /llava-hf/llava-1.5-7b-hf/resolve/main/chat_template.jinja (Caused by ConnectTimeoutError(<HTTPSConnection(host='huggingface.co', port=443) at 0x7f2e6cf9f280>, 'Connection to huggingface.co timed out. (connect timeout=10)'))"), '(Request ID: 71feabf4-28d3-442b-aa41-0556b34fd529)')' thrown while requesting HEAD https://huggingface.co/llava-hf/llava-1.5-7b-hf/resolve/main/chat_template.jinja
Retrying in 2s [Retry 2/5].
'(MaxRetryError("HTTPSConnectionPool(host='huggingface.co', port=443): Max retries exceeded with url: /llava-hf/llava-1.5-7b-hf/resolve/main/chat_template.jinja (Caused by ConnectTimeoutError(<HTTPSConnection(host='huggingface.co', port=443) at 0x7f2e6cf9ee30>, 'Connection to huggingface.co timed out. (connect timeout=10)'))"), '(Request ID: 8232492d-60ec-4d90-a2c2-3c9bd0bda2ed)')' thrown while requesting HEAD https://huggingface.co/llava-hf/llava-1.5-7b-hf/resolve/main/chat_template.jinja
Retrying in 4s [Retry 3/5].
'(MaxRetryError("HTTPSConnectionPool(host='huggingface.co', port=443): Max retries exceeded with url: /llava-hf/llava-1.5-7b-hf/resolve/main/chat_template.jinja (Caused by ConnectTimeoutError(<HTTPSConnection(host='huggingface.co', port=443) at 0x7f2e6cf9f5e0>, 'Connection to huggingface.co timed out. (connect timeout=10)'))"), '(Request ID: 46c09785-3f1d-47c2-8d51-60138ba874da)')' thrown while requesting HEAD https://huggingface.co/llava-hf/llava-1.5-7b-hf/resolve/main/chat_template.jinja
Retrying in 8s [Retry 4/5].
'(MaxRetryError("HTTPSConnectionPool(host='huggingface.co', port=443): Max retries exceeded with url: /llava-hf/llava-1.5-7b-hf/resolve/main/chat_template.jinja (Caused by ConnectTimeoutError(<HTTPSConnection(host='huggingface.co', port=443) at 0x7f2e6cf9e860>, 'Connection to huggingface.co timed out. (connect timeout=10)'))"), '(Request ID: 1c78c124-1cf2-4f71-92c0-b8e969f67f4d)')' thrown while requesting HEAD https://huggingface.co/llava-hf/llava-1.5-7b-hf/resolve/main/chat_template.jinja
Retrying in 8s [Retry 5/5].
'(MaxRetryError("HTTPSConnectionPool(host='huggingface.co', port=443): Max retries exceeded with url: /llava-hf/llava-1.5-7b-hf/resolve/main/chat_template.jinja (Caused by ConnectTimeoutError(<HTTPSConnection(host='huggingface.co', port=443) at 0x7f2e6cfe9870>, 'Connection to huggingface.co timed out. (connect timeout=10)'))"), '(Request ID: be22fddc-2f9b-4634-b7a1-ceea7db980c5)')' thrown while requesting HEAD https://huggingface.co/llava-hf/llava-1.5-7b-hf/resolve/main/chat_template.jinja
'(MaxRetryError("HTTPSConnectionPool(host='huggingface.co', port=443): Max retries exceeded with url: /llava-hf/llava-1.5-7b-hf/resolve/main/preprocessor_config.json (Caused by ConnectTimeoutError(<HTTPSConnection(host='huggingface.co', port=443) at 0x7f2e6cfe8e80>, 'Connection to huggingface.co timed out. (connect timeout=10)'))"), '(Request ID: b682e369-0229-4d43-a5de-2d2860e40109)')' thrown while requesting HEAD https://huggingface.co/llava-hf/llava-1.5-7b-hf/resolve/main/preprocessor_config.json
Retrying in 1s [Retry 1/5].
'(MaxRetryError("HTTPSConnectionPool(host='huggingface.co', port=443): Max retries exceeded with url: /llava-hf/llava-1.5-7b-hf/resolve/main/preprocessor_config.json (Caused by ConnectTimeoutError(<HTTPSConnection(host='huggingface.co', port=443) at 0x7f2e6cfe9420>, 'Connection to huggingface.co timed out. (connect timeout=10)'))"), '(Request ID: f6b2ecf8-d28f-4b74-969d-26a54ebb0cfd)')' thrown while requesting HEAD https://huggingface.co/llava-hf/llava-1.5-7b-hf/resolve/main/preprocessor_config.json
Retrying in 2s [Retry 2/5].
'(MaxRetryError("HTTPSConnectionPool(host='huggingface.co', port=443): Max retries exceeded with url: /llava-hf/llava-1.5-7b-hf/resolve/main/preprocessor_config.json (Caused by ConnectTimeoutError(<HTTPSConnection(host='huggingface.co', port=443) at 0x7f2e6cfe91e0>, 'Connection to huggingface.co timed out. (connect timeout=10)'))"), '(Request ID: 164a256c-656f-482a-869d-ecee95ed5f22)')' thrown while requesting HEAD https://huggingface.co/llava-hf/llava-1.5-7b-hf/resolve/main/preprocessor_config.json
Retrying in 4s [Retry 3/5].
'(MaxRetryError("HTTPSConnectionPool(host='huggingface.co', port=443): Max retries exceeded with url: /llava-hf/llava-1.5-7b-hf/resolve/main/preprocessor_config.json (Caused by ConnectTimeoutError(<HTTPSConnection(host='huggingface.co', port=443) at 0x7f2e6cfe9030>, 'Connection to huggingface.co timed out. (connect timeout=10)'))"), '(Request ID: 7420a8ac-f34d-44a9-9748-6a103e093ae3)')' thrown while requesting HEAD https://huggingface.co/llava-hf/llava-1.5-7b-hf/resolve/main/preprocessor_config.json
Retrying in 8s [Retry 4/5].
'(MaxRetryError("HTTPSConnectionPool(host='huggingface.co', port=443): Max retries exceeded with url: /llava-hf/llava-1.5-7b-hf/resolve/main/preprocessor_config.json (Caused by ConnectTimeoutError(<HTTPSConnection(host='huggingface.co', port=443) at 0x7f2e6cfe9630>, 'Connection to huggingface.co timed out. (connect timeout=10)'))"), '(Request ID: 276623a1-18e4-4088-a716-076cbd57e1e8)')' thrown while requesting HEAD https://huggingface.co/llava-hf/llava-1.5-7b-hf/resolve/main/preprocessor_config.json
Retrying in 8s [Retry 5/5].
'(MaxRetryError("HTTPSConnectionPool(host='huggingface.co', port=443): Max retries exceeded with url: /llava-hf/llava-1.5-7b-hf/resolve/main/preprocessor_config.json (Caused by ConnectTimeoutError(<HTTPSConnection(host='huggingface.co', port=443) at 0x7f2e6cf9ed40>, 'Connection to huggingface.co timed out. (connect timeout=10)'))"), '(Request ID: 75287a73-3359-4208-92a4-51bf4b5fa0a8)')' thrown while requesting HEAD https://huggingface.co/llava-hf/llava-1.5-7b-hf/resolve/main/preprocessor_config.json
'(MaxRetryError("HTTPSConnectionPool(host='huggingface.co', port=443): Max retries exceeded with url: /llava-hf/llava-1.5-7b-hf/resolve/main/tokenizer_config.json (Caused by ConnectTimeoutError(<HTTPSConnection(host='huggingface.co', port=443) at 0x7f2e6cfe8b80>, 'Connection to huggingface.co timed out. (connect timeout=10)'))"), '(Request ID: 67ee74d8-b85d-461f-9f10-ceac029994bd)')' thrown while requesting HEAD https://huggingface.co/llava-hf/llava-1.5-7b-hf/resolve/main/tokenizer_config.json
Retrying in 1s [Retry 1/5].
'(MaxRetryError("HTTPSConnectionPool(host='huggingface.co', port=443): Max retries exceeded with url: /llava-hf/llava-1.5-7b-hf/resolve/main/tokenizer_config.json (Caused by ConnectTimeoutError(<HTTPSConnection(host='huggingface.co', port=443) at 0x7f2e6cfe8d60>, 'Connection to huggingface.co timed out. (connect timeout=10)'))"), '(Request ID: 57e4cb21-e088-4113-afa8-fdb15c48664d)')' thrown while requesting HEAD https://huggingface.co/llava-hf/llava-1.5-7b-hf/resolve/main/tokenizer_config.json
Retrying in 2s [Retry 2/5].
'(MaxRetryError("HTTPSConnectionPool(host='huggingface.co', port=443): Max retries exceeded with url: /llava-hf/llava-1.5-7b-hf/resolve/main/tokenizer_config.json (Caused by ConnectTimeoutError(<HTTPSConnection(host='huggingface.co', port=443) at 0x7f2e6cfe9360>, 'Connection to huggingface.co timed out. (connect timeout=10)'))"), '(Request ID: d7fe57cb-fd67-465a-9f25-a7e293fb5873)')' thrown while requesting HEAD https://huggingface.co/llava-hf/llava-1.5-7b-hf/resolve/main/tokenizer_config.json
Retrying in 4s [Retry 3/5].
'(MaxRetryError("HTTPSConnectionPool(host='huggingface.co', port=443): Max retries exceeded with url: /llava-hf/llava-1.5-7b-hf/resolve/main/tokenizer_config.json (Caused by ConnectTimeoutError(<HTTPSConnection(host='huggingface.co', port=443) at 0x7f2e6cfe90c0>, 'Connection to huggingface.co timed out. (connect timeout=10)'))"), '(Request ID: e8480b7d-413b-4ac0-b52f-e73761aaad07)')' thrown while requesting HEAD https://huggingface.co/llava-hf/llava-1.5-7b-hf/resolve/main/tokenizer_config.json
Retrying in 8s [Retry 4/5].
'(MaxRetryError("HTTPSConnectionPool(host='huggingface.co', port=443): Max retries exceeded with url: /llava-hf/llava-1.5-7b-hf/resolve/main/tokenizer_config.json (Caused by ConnectTimeoutError(<HTTPSConnection(host='huggingface.co', port=443) at 0x7f2e6cfe8790>, 'Connection to huggingface.co timed out. (connect timeout=10)'))"), '(Request ID: 1dc64899-d700-42cc-8ae4-c3b8edcf926f)')' thrown while requesting HEAD https://huggingface.co/llava-hf/llava-1.5-7b-hf/resolve/main/tokenizer_config.json
Retrying in 8s [Retry 5/5].
'(MaxRetryError("HTTPSConnectionPool(host='huggingface.co', port=443): Max retries exceeded with url: /llava-hf/llava-1.5-7b-hf/resolve/main/tokenizer_config.json (Caused by ConnectTimeoutError(<HTTPSConnection(host='huggingface.co', port=443) at 0x7f2e6cfe9f60>, 'Connection to huggingface.co timed out. (connect timeout=10)'))"), '(Request ID: 8f9468d9-15ae-4d15-a8f7-d3afc0a1b245)')' thrown while requesting HEAD https://huggingface.co/llava-hf/llava-1.5-7b-hf/resolve/main/tokenizer_config.json
'(MaxRetryError("HTTPSConnectionPool(host='huggingface.co', port=443): Max retries exceeded with url: /llava-hf/llava-1.5-7b-hf/resolve/main/processor_config.json (Caused by ConnectTimeoutError(<HTTPSConnection(host='huggingface.co', port=443) at 0x7f2e6cf9ead0>, 'Connection to huggingface.co timed out. (connect timeout=10)'))"), '(Request ID: 1b718f64-ff6e-4fe5-8f74-2545a95caff4)')' thrown while requesting HEAD https://huggingface.co/llava-hf/llava-1.5-7b-hf/resolve/main/processor_config.json
Retrying in 1s [Retry 1/5].
'(MaxRetryError("HTTPSConnectionPool(host='huggingface.co', port=443): Max retries exceeded with url: /llava-hf/llava-1.5-7b-hf/resolve/main/processor_config.json (Caused by ConnectTimeoutError(<HTTPSConnection(host='huggingface.co', port=443) at 0x7f2e6cf9ee90>, 'Connection to huggingface.co timed out. (connect timeout=10)'))"), '(Request ID: 42bc8513-d0ab-4baf-8827-e307942d5686)')' thrown while requesting HEAD https://huggingface.co/llava-hf/llava-1.5-7b-hf/resolve/main/processor_config.json
Retrying in 2s [Retry 2/5].
'(MaxRetryError("HTTPSConnectionPool(host='huggingface.co', port=443): Max retries exceeded with url: /llava-hf/llava-1.5-7b-hf/resolve/main/processor_config.json (Caused by ConnectTimeoutError(<HTTPSConnection(host='huggingface.co', port=443) at 0x7f2e6cfea620>, 'Connection to huggingface.co timed out. (connect timeout=10)'))"), '(Request ID: cb25b418-52f4-4b80-a177-7bc40e7878a0)')' thrown while requesting HEAD https://huggingface.co/llava-hf/llava-1.5-7b-hf/resolve/main/processor_config.json
Retrying in 4s [Retry 3/5].
'(MaxRetryError("HTTPSConnectionPool(host='huggingface.co', port=443): Max retries exceeded with url: /llava-hf/llava-1.5-7b-hf/resolve/main/processor_config.json (Caused by ConnectTimeoutError(<HTTPSConnection(host='huggingface.co', port=443) at 0x7f2e6cfea200>, 'Connection to huggingface.co timed out. (connect timeout=10)'))"), '(Request ID: c18a737b-c0a6-4f5b-91ec-64883ff40d63)')' thrown while requesting HEAD https://huggingface.co/llava-hf/llava-1.5-7b-hf/resolve/main/processor_config.json
Retrying in 8s [Retry 4/5].
'(MaxRetryError("HTTPSConnectionPool(host='huggingface.co', port=443): Max retries exceeded with url: /llava-hf/llava-1.5-7b-hf/resolve/main/processor_config.json (Caused by ConnectTimeoutError(<HTTPSConnection(host='huggingface.co', port=443) at 0x7f2e6cfe9ff0>, 'Connection to huggingface.co timed out. (connect timeout=10)'))"), '(Request ID: 9eee06c6-aad2-46a5-b1de-c13da70d7b67)')' thrown while requesting HEAD https://huggingface.co/llava-hf/llava-1.5-7b-hf/resolve/main/processor_config.json
Retrying in 8s [Retry 5/5].
'(MaxRetryError("HTTPSConnectionPool(host='huggingface.co', port=443): Max retries exceeded with url: /llava-hf/llava-1.5-7b-hf/resolve/main/processor_config.json (Caused by ConnectTimeoutError(<HTTPSConnection(host='huggingface.co', port=443) at 0x7f2e6cfe9150>, 'Connection to huggingface.co timed out. (connect timeout=10)'))"), '(Request ID: d7fbbf8b-48d2-44c8-83e8-7ff42d8a358e)')' thrown while requesting HEAD https://huggingface.co/llava-hf/llava-1.5-7b-hf/resolve/main/processor_config.json
'(MaxRetryError("HTTPSConnectionPool(host='huggingface.co', port=443): Max retries exceeded with url: /llava-hf/llava-1.5-7b-hf/resolve/main/chat_template.json (Caused by ConnectTimeoutError(<HTTPSConnection(host='huggingface.co', port=443) at 0x7f2e6cfe8c70>, 'Connection to huggingface.co timed out. (connect timeout=10)'))"), '(Request ID: f920853a-2b14-4b1a-a219-be47f3ea0a30)')' thrown while requesting HEAD https://huggingface.co/llava-hf/llava-1.5-7b-hf/resolve/main/chat_template.json
Retrying in 1s [Retry 1/5].
'(MaxRetryError("HTTPSConnectionPool(host='huggingface.co', port=443): Max retries exceeded with url: /llava-hf/llava-1.5-7b-hf/resolve/main/chat_template.json (Caused by ConnectTimeoutError(<HTTPSConnection(host='huggingface.co', port=443) at 0x7f2e6cfe94b0>, 'Connection to huggingface.co timed out. (connect timeout=10)'))"), '(Request ID: 2c1b3dd3-50d5-4565-9c8b-678cbabe3af7)')' thrown while requesting HEAD https://huggingface.co/llava-hf/llava-1.5-7b-hf/resolve/main/chat_template.json
Retrying in 2s [Retry 2/5].
'(MaxRetryError("HTTPSConnectionPool(host='huggingface.co', port=443): Max retries exceeded with url: /llava-hf/llava-1.5-7b-hf/resolve/main/chat_template.json (Caused by ConnectTimeoutError(<HTTPSConnection(host='huggingface.co', port=443) at 0x7f2e6cfe8400>, 'Connection to huggingface.co timed out. (connect timeout=10)'))"), '(Request ID: dfac8598-0b93-4b33-a5aa-f89aa114dbb8)')' thrown while requesting HEAD https://huggingface.co/llava-hf/llava-1.5-7b-hf/resolve/main/chat_template.json
Retrying in 4s [Retry 3/5].
'(MaxRetryError("HTTPSConnectionPool(host='huggingface.co', port=443): Max retries exceeded with url: /llava-hf/llava-1.5-7b-hf/resolve/main/chat_template.json (Caused by ConnectTimeoutError(<HTTPSConnection(host='huggingface.co', port=443) at 0x7f2e6cf9eda0>, 'Connection to huggingface.co timed out. (connect timeout=10)'))"), '(Request ID: 9e2e6a18-339f-4a84-b13e-a0625fd616c2)')' thrown while requesting HEAD https://huggingface.co/llava-hf/llava-1.5-7b-hf/resolve/main/chat_template.json
Retrying in 8s [Retry 4/5].
'(MaxRetryError("HTTPSConnectionPool(host='huggingface.co', port=443): Max retries exceeded with url: /llava-hf/llava-1.5-7b-hf/resolve/main/chat_template.json (Caused by ConnectTimeoutError(<HTTPSConnection(host='huggingface.co', port=443) at 0x7f2e6cf9fbe0>, 'Connection to huggingface.co timed out. (connect timeout=10)'))"), '(Request ID: f1ec34c4-ce16-47cb-8d62-9c0a373c6a36)')' thrown while requesting HEAD https://huggingface.co/llava-hf/llava-1.5-7b-hf/resolve/main/chat_template.json
Retrying in 8s [Retry 5/5].
'(MaxRetryError("HTTPSConnectionPool(host='huggingface.co', port=443): Max retries exceeded with url: /llava-hf/llava-1.5-7b-hf/resolve/main/chat_template.json (Caused by ConnectTimeoutError(<HTTPSConnection(host='huggingface.co', port=443) at 0x7f2e6cf9eb30>, 'Connection to huggingface.co timed out. (connect timeout=10)'))"), '(Request ID: 2cee4960-42a5-48a2-a346-c99fe2d64202)')' thrown while requesting HEAD https://huggingface.co/llava-hf/llava-1.5-7b-hf/resolve/main/chat_template.json
'(MaxRetryError("HTTPSConnectionPool(host='huggingface.co', port=443): Max retries exceeded with url: /llava-hf/llava-1.5-7b-hf/resolve/main/chat_template.jinja (Caused by ConnectTimeoutError(<HTTPSConnection(host='huggingface.co', port=443) at 0x7f2e6cfe9660>, 'Connection to huggingface.co timed out. (connect timeout=10)'))"), '(Request ID: ecdd4596-66b2-4323-ac38-a5cc20a10632)')' thrown while requesting HEAD https://huggingface.co/llava-hf/llava-1.5-7b-hf/resolve/main/chat_template.jinja
Retrying in 1s [Retry 1/5].
'(MaxRetryError("HTTPSConnectionPool(host='huggingface.co', port=443): Max retries exceeded with url: /llava-hf/llava-1.5-7b-hf/resolve/main/chat_template.jinja (Caused by ConnectTimeoutError(<HTTPSConnection(host='huggingface.co', port=443) at 0x7f2e6cfe97b0>, 'Connection to huggingface.co timed out. (connect timeout=10)'))"), '(Request ID: 8bef9442-decb-4ba7-9be1-186dd6b52277)')' thrown while requesting HEAD https://huggingface.co/llava-hf/llava-1.5-7b-hf/resolve/main/chat_template.jinja
Retrying in 2s [Retry 2/5].
'(MaxRetryError("HTTPSConnectionPool(host='huggingface.co', port=443): Max retries exceeded with url: /llava-hf/llava-1.5-7b-hf/resolve/main/chat_template.jinja (Caused by ConnectTimeoutError(<HTTPSConnection(host='huggingface.co', port=443) at 0x7f2e6cfe9ed0>, 'Connection to huggingface.co timed out. (connect timeout=10)'))"), '(Request ID: 2edf7b06-9770-44a1-93d9-cccda30028d3)')' thrown while requesting HEAD https://huggingface.co/llava-hf/llava-1.5-7b-hf/resolve/main/chat_template.jinja
Retrying in 4s [Retry 3/5].
'(MaxRetryError("HTTPSConnectionPool(host='huggingface.co', port=443): Max retries exceeded with url: /llava-hf/llava-1.5-7b-hf/resolve/main/chat_template.jinja (Caused by ConnectTimeoutError(<HTTPSConnection(host='huggingface.co', port=443) at 0x7f2e6cfe84f0>, 'Connection to huggingface.co timed out. (connect timeout=10)'))"), '(Request ID: afaa73fa-7b6a-42c4-8a37-8c415e5e00b6)')' thrown while requesting HEAD https://huggingface.co/llava-hf/llava-1.5-7b-hf/resolve/main/chat_template.jinja
Retrying in 8s [Retry 4/5].
'(MaxRetryError("HTTPSConnectionPool(host='huggingface.co', port=443): Max retries exceeded with url: /llava-hf/llava-1.5-7b-hf/resolve/main/chat_template.jinja (Caused by ConnectTimeoutError(<HTTPSConnection(host='huggingface.co', port=443) at 0x7f2e6cfea290>, 'Connection to huggingface.co timed out. (connect timeout=10)'))"), '(Request ID: ba5eb732-a806-4c61-a355-b5e20125b5a4)')' thrown while requesting HEAD https://huggingface.co/llava-hf/llava-1.5-7b-hf/resolve/main/chat_template.jinja
Retrying in 8s [Retry 5/5].
'(MaxRetryError("HTTPSConnectionPool(host='huggingface.co', port=443): Max retries exceeded with url: /llava-hf/llava-1.5-7b-hf/resolve/main/chat_template.jinja (Caused by ConnectTimeoutError(<HTTPSConnection(host='huggingface.co', port=443) at 0x7f2e6cfea9b0>, 'Connection to huggingface.co timed out. (connect timeout=10)'))"), '(Request ID: 8bf9cdc5-f697-4da2-8070-7a0fc21f6645)')' thrown while requesting HEAD https://huggingface.co/llava-hf/llava-1.5-7b-hf/resolve/main/chat_template.jinja
'(MaxRetryError("HTTPSConnectionPool(host='huggingface.co', port=443): Max retries exceeded with url: /llava-hf/llava-1.5-7b-hf/resolve/main/config.json (Caused by ConnectTimeoutError(<HTTPSConnection(host='huggingface.co', port=443) at 0x7f2e6cf9f8b0>, 'Connection to huggingface.co timed out. (connect timeout=10)'))"), '(Request ID: d8fd4111-5a83-409d-a208-1ab2cef4779b)')' thrown while requesting HEAD https://huggingface.co/llava-hf/llava-1.5-7b-hf/resolve/main/config.json
Retrying in 1s [Retry 1/5].
'(MaxRetryError("HTTPSConnectionPool(host='huggingface.co', port=443): Max retries exceeded with url: /llava-hf/llava-1.5-7b-hf/resolve/main/config.json (Caused by ConnectTimeoutError(<HTTPSConnection(host='huggingface.co', port=443) at 0x7f2e6cf9fbe0>, 'Connection to huggingface.co timed out. (connect timeout=10)'))"), '(Request ID: 0008b013-f08a-4c5d-a2a5-0e1147324ad5)')' thrown while requesting HEAD https://huggingface.co/llava-hf/llava-1.5-7b-hf/resolve/main/config.json
Retrying in 2s [Retry 2/5].
'(MaxRetryError("HTTPSConnectionPool(host='huggingface.co', port=443): Max retries exceeded with url: /llava-hf/llava-1.5-7b-hf/resolve/main/config.json (Caused by ConnectTimeoutError(<HTTPSConnection(host='huggingface.co', port=443) at 0x7f2e6cf9fb50>, 'Connection to huggingface.co timed out. (connect timeout=10)'))"), '(Request ID: 96eed1df-2ce0-4c98-95c6-7777f23f6f5d)')' thrown while requesting HEAD https://huggingface.co/llava-hf/llava-1.5-7b-hf/resolve/main/config.json
Retrying in 4s [Retry 3/5].
'(MaxRetryError("HTTPSConnectionPool(host='huggingface.co', port=443): Max retries exceeded with url: /llava-hf/llava-1.5-7b-hf/resolve/main/config.json (Caused by ConnectTimeoutError(<HTTPSConnection(host='huggingface.co', port=443) at 0x7f2e6cfeb6d0>, 'Connection to huggingface.co timed out. (connect timeout=10)'))"), '(Request ID: dc76105d-eca4-4030-9352-e6a24e2d29b8)')' thrown while requesting HEAD https://huggingface.co/llava-hf/llava-1.5-7b-hf/resolve/main/config.json
Retrying in 8s [Retry 4/5].
'(MaxRetryError("HTTPSConnectionPool(host='huggingface.co', port=443): Max retries exceeded with url: /llava-hf/llava-1.5-7b-hf/resolve/main/config.json (Caused by ConnectTimeoutError(<HTTPSConnection(host='huggingface.co', port=443) at 0x7f2e6cfeb2b0>, 'Connection to huggingface.co timed out. (connect timeout=10)'))"), '(Request ID: 9a6c66ea-d080-4441-a26b-d212c1d901eb)')' thrown while requesting HEAD https://huggingface.co/llava-hf/llava-1.5-7b-hf/resolve/main/config.json
Retrying in 8s [Retry 5/5].
'(MaxRetryError("HTTPSConnectionPool(host='huggingface.co', port=443): Max retries exceeded with url: /llava-hf/llava-1.5-7b-hf/resolve/main/config.json (Caused by ConnectTimeoutError(<HTTPSConnection(host='huggingface.co', port=443) at 0x7f2e6cfeaaa0>, 'Connection to huggingface.co timed out. (connect timeout=10)'))"), '(Request ID: 388afe42-fa99-4f5e-980f-49b88c32ca0e)')' thrown while requesting HEAD https://huggingface.co/llava-hf/llava-1.5-7b-hf/resolve/main/config.json
'(MaxRetryError("HTTPSConnectionPool(host='huggingface.co', port=443): Max retries exceeded with url: /llava-hf/llava-1.5-7b-hf/resolve/main/adapter_config.json (Caused by ConnectTimeoutError(<HTTPSConnection(host='huggingface.co', port=443) at 0x7f2e6cfe9ea0>, 'Connection to huggingface.co timed out. (connect timeout=10)'))"), '(Request ID: 1adc5ed3-697d-4769-96d5-fd1dbd28bdeb)')' thrown while requesting HEAD https://huggingface.co/llava-hf/llava-1.5-7b-hf/resolve/main/adapter_config.json
Retrying in 1s [Retry 1/5].
'(MaxRetryError("HTTPSConnectionPool(host='huggingface.co', port=443): Max retries exceeded with url: /llava-hf/llava-1.5-7b-hf/resolve/main/adapter_config.json (Caused by ConnectTimeoutError(<HTTPSConnection(host='huggingface.co', port=443) at 0x7f2e6cfe8310>, 'Connection to huggingface.co timed out. (connect timeout=10)'))"), '(Request ID: 3cdf6eb5-93d9-41c0-bdd8-afd4bf1cf268)')' thrown while requesting HEAD https://huggingface.co/llava-hf/llava-1.5-7b-hf/resolve/main/adapter_config.json
Retrying in 2s [Retry 2/5].
'(MaxRetryError("HTTPSConnectionPool(host='huggingface.co', port=443): Max retries exceeded with url: /llava-hf/llava-1.5-7b-hf/resolve/main/adapter_config.json (Caused by ConnectTimeoutError(<HTTPSConnection(host='huggingface.co', port=443) at 0x7f2e6cfe8b20>, 'Connection to huggingface.co timed out. (connect timeout=10)'))"), '(Request ID: 383c8d6e-72d1-4096-b544-8eac6b8a527a)')' thrown while requesting HEAD https://huggingface.co/llava-hf/llava-1.5-7b-hf/resolve/main/adapter_config.json
Retrying in 4s [Retry 3/5].
'(MaxRetryError("HTTPSConnectionPool(host='huggingface.co', port=443): Max retries exceeded with url: /llava-hf/llava-1.5-7b-hf/resolve/main/adapter_config.json (Caused by ConnectTimeoutError(<HTTPSConnection(host='huggingface.co', port=443) at 0x7f2e6cfe9510>, 'Connection to huggingface.co timed out. (connect timeout=10)'))"), '(Request ID: 3b4b17cf-2936-4439-a1ce-fd91fc436914)')' thrown while requesting HEAD https://huggingface.co/llava-hf/llava-1.5-7b-hf/resolve/main/adapter_config.json
Retrying in 8s [Retry 4/5].
'(MaxRetryError("HTTPSConnectionPool(host='huggingface.co', port=443): Max retries exceeded with url: /llava-hf/llava-1.5-7b-hf/resolve/main/adapter_config.json (Caused by ConnectTimeoutError(<HTTPSConnection(host='huggingface.co', port=443) at 0x7f2e6cfe8910>, 'Connection to huggingface.co timed out. (connect timeout=10)'))"), '(Request ID: e43542ac-b2f9-4c3b-b860-20507182f831)')' thrown while requesting HEAD https://huggingface.co/llava-hf/llava-1.5-7b-hf/resolve/main/adapter_config.json
Retrying in 8s [Retry 5/5].
'(MaxRetryError("HTTPSConnectionPool(host='huggingface.co', port=443): Max retries exceeded with url: /llava-hf/llava-1.5-7b-hf/resolve/main/adapter_config.json (Caused by ConnectTimeoutError(<HTTPSConnection(host='huggingface.co', port=443) at 0x7f2e6cf9ea10>, 'Connection to huggingface.co timed out. (connect timeout=10)'))"), '(Request ID: dd39c785-def6-415a-a03e-7c66028c6914)')' thrown while requesting HEAD https://huggingface.co/llava-hf/llava-1.5-7b-hf/resolve/main/adapter_config.json
'(MaxRetryError("HTTPSConnectionPool(host='huggingface.co', port=443): Max retries exceeded with url: /llava-hf/llava-1.5-7b-hf/resolve/main/config.json (Caused by ConnectTimeoutError(<HTTPSConnection(host='huggingface.co', port=443) at 0x7f2e6cf9ebc0>, 'Connection to huggingface.co timed out. (connect timeout=10)'))"), '(Request ID: ca02907c-cec5-4d1a-acbf-99222fd4145a)')' thrown while requesting HEAD https://huggingface.co/llava-hf/llava-1.5-7b-hf/resolve/main/config.json
Retrying in 1s [Retry 1/5].
'(MaxRetryError("HTTPSConnectionPool(host='huggingface.co', port=443): Max retries exceeded with url: /llava-hf/llava-1.5-7b-hf/resolve/main/config.json (Caused by ConnectTimeoutError(<HTTPSConnection(host='huggingface.co', port=443) at 0x7f2e6cfe95d0>, 'Connection to huggingface.co timed out. (connect timeout=10)'))"), '(Request ID: 0ff33c62-ce31-4f01-b0da-76818e5f1a01)')' thrown while requesting HEAD https://huggingface.co/llava-hf/llava-1.5-7b-hf/resolve/main/config.json
Retrying in 2s [Retry 2/5].
'(MaxRetryError("HTTPSConnectionPool(host='huggingface.co', port=443): Max retries exceeded with url: /llava-hf/llava-1.5-7b-hf/resolve/main/config.json (Caused by ConnectTimeoutError(<HTTPSConnection(host='huggingface.co', port=443) at 0x7f2e6cfe8d30>, 'Connection to huggingface.co timed out. (connect timeout=10)'))"), '(Request ID: f726e8da-45f1-456c-91f7-1b08191eded8)')' thrown while requesting HEAD https://huggingface.co/llava-hf/llava-1.5-7b-hf/resolve/main/config.json
Retrying in 4s [Retry 3/5].
'(MaxRetryError("HTTPSConnectionPool(host='huggingface.co', port=443): Max retries exceeded with url: /llava-hf/llava-1.5-7b-hf/resolve/main/config.json (Caused by ConnectTimeoutError(<HTTPSConnection(host='huggingface.co', port=443) at 0x7f2e6cfe9120>, 'Connection to huggingface.co timed out. (connect timeout=10)'))"), '(Request ID: f2d951f3-8fbf-422a-b410-63a2c43e9cfb)')' thrown while requesting HEAD https://huggingface.co/llava-hf/llava-1.5-7b-hf/resolve/main/config.json
Retrying in 8s [Retry 4/5].
'(MaxRetryError("HTTPSConnectionPool(host='huggingface.co', port=443): Max retries exceeded with url: /llava-hf/llava-1.5-7b-hf/resolve/main/config.json (Caused by ConnectTimeoutError(<HTTPSConnection(host='huggingface.co', port=443) at 0x7f2e6cfe9fc0>, 'Connection to huggingface.co timed out. (connect timeout=10)'))"), '(Request ID: d4f0e467-dadc-4631-b25b-c5cd3afaca96)')' thrown while requesting HEAD https://huggingface.co/llava-hf/llava-1.5-7b-hf/resolve/main/config.json
Retrying in 8s [Retry 5/5].
'(MaxRetryError("HTTPSConnectionPool(host='huggingface.co', port=443): Max retries exceeded with url: /llava-hf/llava-1.5-7b-hf/resolve/main/config.json (Caused by ConnectTimeoutError(<HTTPSConnection(host='huggingface.co', port=443) at 0x7f2e6cfea9b0>, 'Connection to huggingface.co timed out. (connect timeout=10)'))"), '(Request ID: e4595f4b-3ff1-490a-afc7-fd0a906ec3b3)')' thrown while requesting HEAD https://huggingface.co/llava-hf/llava-1.5-7b-hf/resolve/main/config.json
'(MaxRetryError("HTTPSConnectionPool(host='huggingface.co', port=443): Max retries exceeded with url: /llava-hf/llava-1.5-7b-hf/resolve/main/model.safetensors (Caused by ConnectTimeoutError(<HTTPSConnection(host='huggingface.co', port=443) at 0x7f2e6cfe8940>, 'Connection to huggingface.co timed out. (connect timeout=10)'))"), '(Request ID: ee0ef3d8-2495-42e9-b0df-7da23f56022c)')' thrown while requesting HEAD https://huggingface.co/llava-hf/llava-1.5-7b-hf/resolve/main/model.safetensors
Retrying in 1s [Retry 1/5].
'(MaxRetryError("HTTPSConnectionPool(host='huggingface.co', port=443): Max retries exceeded with url: /llava-hf/llava-1.5-7b-hf/resolve/main/model.safetensors (Caused by ConnectTimeoutError(<HTTPSConnection(host='huggingface.co', port=443) at 0x7f2e6cfe8bb0>, 'Connection to huggingface.co timed out. (connect timeout=10)'))"), '(Request ID: 94217464-9b31-488e-b3be-3361b7fe753d)')' thrown while requesting HEAD https://huggingface.co/llava-hf/llava-1.5-7b-hf/resolve/main/model.safetensors
Retrying in 2s [Retry 2/5].
'(MaxRetryError("HTTPSConnectionPool(host='huggingface.co', port=443): Max retries exceeded with url: /llava-hf/llava-1.5-7b-hf/resolve/main/model.safetensors (Caused by ConnectTimeoutError(<HTTPSConnection(host='huggingface.co', port=443) at 0x7f2e6cfe86d0>, 'Connection to huggingface.co timed out. (connect timeout=10)'))"), '(Request ID: 9768857e-8f33-45ba-b918-cbe7fd1e004a)')' thrown while requesting HEAD https://huggingface.co/llava-hf/llava-1.5-7b-hf/resolve/main/model.safetensors
Retrying in 4s [Retry 3/5].
'(MaxRetryError("HTTPSConnectionPool(host='huggingface.co', port=443): Max retries exceeded with url: /llava-hf/llava-1.5-7b-hf/resolve/main/model.safetensors (Caused by ConnectTimeoutError(<HTTPSConnection(host='huggingface.co', port=443) at 0x7f2e6cfe8970>, 'Connection to huggingface.co timed out. (connect timeout=10)'))"), '(Request ID: 7235eb13-eab9-42ef-9414-5f8d0c3ac278)')' thrown while requesting HEAD https://huggingface.co/llava-hf/llava-1.5-7b-hf/resolve/main/model.safetensors
Retrying in 8s [Retry 4/5].
'(MaxRetryError("HTTPSConnectionPool(host='huggingface.co', port=443): Max retries exceeded with url: /llava-hf/llava-1.5-7b-hf/resolve/main/model.safetensors (Caused by ConnectTimeoutError(<HTTPSConnection(host='huggingface.co', port=443) at 0x7f2e6cfea200>, 'Connection to huggingface.co timed out. (connect timeout=10)'))"), '(Request ID: 2528dc5b-8c21-4fc2-9c21-f6e25e9ba7ae)')' thrown while requesting HEAD https://huggingface.co/llava-hf/llava-1.5-7b-hf/resolve/main/model.safetensors
Retrying in 8s [Retry 5/5].
'(MaxRetryError("HTTPSConnectionPool(host='huggingface.co', port=443): Max retries exceeded with url: /llava-hf/llava-1.5-7b-hf/resolve/main/model.safetensors (Caused by ConnectTimeoutError(<HTTPSConnection(host='huggingface.co', port=443) at 0x7f2e6cfeace0>, 'Connection to huggingface.co timed out. (connect timeout=10)'))"), '(Request ID: 454f2bd6-2f64-4f93-a9a7-6c94af03937d)')' thrown while requesting HEAD https://huggingface.co/llava-hf/llava-1.5-7b-hf/resolve/main/model.safetensors
Loading LLaVA: llava-hf/llava-1.5-7b-hf
  cache_dir: [PROJECT_ROOT]/models/hub
  device: cuda, dtype: torch.float16, 4bit: False
Loading checkpoint shards:   0%|          | 0/3 [00:00<?, ?it/s]Loading checkpoint shards:  33%|███▎      | 1/3 [00:02<00:05,  2.79s/it]Loading checkpoint shards:  67%|██████▋   | 2/3 [00:05<00:02,  2.98s/it]Loading checkpoint shards: 100%|██████████| 3/3 [00:08<00:00,  2.82s/it]Loading checkpoint shards: 100%|██████████| 3/3 [00:08<00:00,  2.84s/it]
'(MaxRetryError("HTTPSConnectionPool(host='huggingface.co', port=443): Max retries exceeded with url: /llava-hf/llava-1.5-7b-hf/resolve/main/generation_config.json (Caused by ConnectTimeoutError(<HTTPSConnection(host='huggingface.co', port=443) at 0x7f2e6c26e740>, 'Connection to huggingface.co timed out. (connect timeout=10)'))"), '(Request ID: d58f63fa-da9c-4b09-badd-1bc26a45749d)')' thrown while requesting HEAD https://huggingface.co/llava-hf/llava-1.5-7b-hf/resolve/main/generation_config.json
Retrying in 1s [Retry 1/5].
'(MaxRetryError("HTTPSConnectionPool(host='huggingface.co', port=443): Max retries exceeded with url: /llava-hf/llava-1.5-7b-hf/resolve/main/generation_config.json (Caused by ConnectTimeoutError(<HTTPSConnection(host='huggingface.co', port=443) at 0x7f2e6c26e3b0>, 'Connection to huggingface.co timed out. (connect timeout=10)'))"), '(Request ID: 7f812cdb-c9ef-404d-a093-db93b04b2644)')' thrown while requesting HEAD https://huggingface.co/llava-hf/llava-1.5-7b-hf/resolve/main/generation_config.json
Retrying in 2s [Retry 2/5].
'(MaxRetryError("HTTPSConnectionPool(host='huggingface.co', port=443): Max retries exceeded with url: /llava-hf/llava-1.5-7b-hf/resolve/main/generation_config.json (Caused by ConnectTimeoutError(<HTTPSConnection(host='huggingface.co', port=443) at 0x7f2e6c26e080>, 'Connection to huggingface.co timed out. (connect timeout=10)'))"), '(Request ID: 9cef132c-5d81-4a96-a345-e392b8a8219a)')' thrown while requesting HEAD https://huggingface.co/llava-hf/llava-1.5-7b-hf/resolve/main/generation_config.json
Retrying in 4s [Retry 3/5].
'(MaxRetryError("HTTPSConnectionPool(host='huggingface.co', port=443): Max retries exceeded with url: /llava-hf/llava-1.5-7b-hf/resolve/main/generation_config.json (Caused by ConnectTimeoutError(<HTTPSConnection(host='huggingface.co', port=443) at 0x7f2e6cfea260>, 'Connection to huggingface.co timed out. (connect timeout=10)'))"), '(Request ID: e402189b-f130-4b1d-ad7c-279194d7d0c5)')' thrown while requesting HEAD https://huggingface.co/llava-hf/llava-1.5-7b-hf/resolve/main/generation_config.json
Retrying in 8s [Retry 4/5].
'(MaxRetryError("HTTPSConnectionPool(host='huggingface.co', port=443): Max retries exceeded with url: /llava-hf/llava-1.5-7b-hf/resolve/main/generation_config.json (Caused by ConnectTimeoutError(<HTTPSConnection(host='huggingface.co', port=443) at 0x7f2e6f2d1930>, 'Connection to huggingface.co timed out. (connect timeout=10)'))"), '(Request ID: 5818bdca-dde5-4511-b655-9cdd37b43e16)')' thrown while requesting HEAD https://huggingface.co/llava-hf/llava-1.5-7b-hf/resolve/main/generation_config.json
Retrying in 8s [Retry 5/5].
'(MaxRetryError("HTTPSConnectionPool(host='huggingface.co', port=443): Max retries exceeded with url: /llava-hf/llava-1.5-7b-hf/resolve/main/generation_config.json (Caused by ConnectTimeoutError(<HTTPSConnection(host='huggingface.co', port=443) at 0x7f2e6c109930>, 'Connection to huggingface.co timed out. (connect timeout=10)'))"), '(Request ID: 00f27ec7-69d9-476c-b61e-5be0240762fe)')' thrown while requesting HEAD https://huggingface.co/llava-hf/llava-1.5-7b-hf/resolve/main/generation_config.json
Expanding inputs for image tokens in LLaVa should be done in processing. Please add `patch_size` and `vision_feature_select_strategy` to the model's processing config or set directly with `processor.patch_size = {{patch_size}}` and processor.vision_feature_select_strategy = {{vision_feature_select_strategy}}`. Using processors without these attributes in the config is deprecated and will throw an error in v4.50.
LLaVA loaded.

============================================================
Experiment A: text-only vs text+blank_image
Verifying refusal direction modal stability in LLaVA
Model: llava-hf/llava-1.5-7b-hf
Layers: [12, 16, 20]
Paired prompts: 12 pairs
============================================================

  Layer 12:
    Extracting text-only refusal direction ...
      pair 1/12: extracting...Traceback (most recent call last):
  File "[PROJECT_ROOT]/geometry-of-refusal/exp_a_modality_stability.py", line 288, in <module>
  File "[PROJECT_ROOT]/geometry-of-refusal/exp_a_modality_stability.py", line 217, in run_exp_a
  File "[PROJECT_ROOT]/geometry-of-refusal/exp_a_modality_stability.py", line 174, in extract_mean_diff_direction
  File "[PROJECT_ROOT]/geometry-of-refusal/exp_a_modality_stability.py", line 149, in get_llava_hidden_state
  File "/opt/conda/envs/rdo/lib/python3.10/site-packages/torch/nn/modules/module.py", line 1736, in _wrapped_call_impl
    return self._call_impl(*args, **kwargs)
  File "/opt/conda/envs/rdo/lib/python3.10/site-packages/torch/nn/modules/module.py", line 1747, in _call_impl
    return forward_call(*args, **kwargs)
  File "/opt/conda/envs/rdo/lib/python3.10/site-packages/transformers/models/llava/modeling_llava.py", line 492, in forward
    inputs_embeds, attention_mask, labels, position_ids = self._merge_input_ids_with_image_features(
  File "/opt/conda/envs/rdo/lib/python3.10/site-packages/transformers/models/llava/modeling_llava.py", line 303, in _merge_input_ids_with_image_features
    num_images, num_image_patches, embed_dim = image_features.shape
AttributeError: 'NoneType' object has no attribute 'shape'
